#
# There is insufficient memory for the Java Runtime Environment to continue.
# Native memory allocation (malloc) failed to allocate 1377456 bytes for Chunk::new
# Possible reasons:
#   The system is out of physical RAM or swap space
#   The process is running with CompressedOops enabled, and the Java Heap may be blocking the growth of the native heap
# Possible solutions:
#   Reduce memory load on the system
#   Increase physical memory or swap space
#   Check if swap backing store is full
#   Decrease Java heap size (-Xmx/-Xms)
#   Decrease number of Java threads
#   Decrease Java thread stack sizes (-Xss)
#   Set larger code cache with -XX:ReservedCodeCacheSize=
#   JVM is running with Unscaled Compressed Oops mode in which the Java heap is
#     placed in the first 4GB address space. The Java Heap base address is the
#     maximum limit for the native heap growth. Please use -XX:HeapBaseMinAddress
#     to set the Java Heap base and to place the Java Heap above 4GB virtual address.
# This output file may be truncated or incomplete.
#
#  Out of Memory Error (allocation.cpp:389), pid=65432, tid=0x0000000000010bcc
#
# JRE version: OpenJDK Runtime Environment (8.0_202-b03) (build 1.8.0_202-release-1483-b03)
# Java VM: OpenJDK 64-Bit Server VM (25.202-b03 mixed mode windows-amd64 compressed oops)
# Failed to write core dump. Minidumps are not enabled by default on client versions of Windows
#

---------------  T H R E A D  ---------------

Current thread (0x0000000016804800):  JavaThread "C2 CompilerThread1" daemon [_thread_in_native, id=68556, stack(0x0000000017110000,0x0000000017210000)]

Stack: [0x0000000017110000,0x0000000017210000]
[error occurred during error reporting (printing stack bounds), id 0xc0000005]

Native frames: (J=compiled Java code, j=interpreted, Vv=VM code, C=native code)


Current CompileTask:
C2:  35017 5549 %     4       org.gradle.internal.instantiation.AbstractClassGenerator::inspectType @ 77 (559 bytes)


---------------  P R O C E S S  ---------------

Java Threads: ( => current thread )
  0x000000001e555000 JavaThread "stdout" [_thread_in_native, id=7836, stack(0x0000000024450000,0x0000000024550000)]
  0x000000001e554800 JavaThread "stderr" [_thread_in_native, id=47652, stack(0x0000000024350000,0x0000000024450000)]
  0x000000001e552000 JavaThread "pool-2-thread-1" [_thread_blocked, id=62300, stack(0x0000000024250000,0x0000000024350000)]
  0x000000001b37e000 JavaThread "WorkerExecutor Queue Thread 2" [_thread_blocked, id=62296, stack(0x0000000024150000,0x0000000024250000)]
  0x000000001b37d000 JavaThread "WorkerExecutor Queue" [_thread_blocked, id=62400, stack(0x0000000024050000,0x0000000024150000)]
  0x000000001b379800 JavaThread "Cache worker for execution history cache (E:\touch_Me_BLE\.gradle\5.4.1\executionHistory)" [_thread_blocked, id=62140, stack(0x0000000023d50000,0x0000000023e50000)]
  0x000000001b37b800 JavaThread "Execution worker for ':' Thread 7" [_thread_in_native, id=61852, stack(0x0000000023c50000,0x0000000023d50000)]
  0x000000001b37e800 JavaThread "Execution worker for ':' Thread 6" [_thread_blocked, id=61032, stack(0x0000000023b50000,0x0000000023c50000)]
  0x000000001b37a000 JavaThread "Execution worker for ':' Thread 5" [_thread_blocked, id=65480, stack(0x0000000023a50000,0x0000000023b50000)]
  0x000000001b37f800 JavaThread "Execution worker for ':' Thread 4" [_thread_blocked, id=68564, stack(0x0000000023950000,0x0000000023a50000)]
  0x000000001b374000 JavaThread "Execution worker for ':' Thread 3" [_thread_blocked, id=55752, stack(0x0000000023850000,0x0000000023950000)]
  0x000000001b375800 JavaThread "Execution worker for ':' Thread 2" [_thread_blocked, id=50372, stack(0x0000000023750000,0x0000000023850000)]
  0x000000001b372000 JavaThread "Execution worker for ':'" [_thread_blocked, id=63832, stack(0x0000000023650000,0x0000000023750000)]
  0x000000001b378800 JavaThread "Cache worker for file content cache (E:\touch_Me_BLE\.gradle\5.4.1\fileContent)" [_thread_blocked, id=59548, stack(0x0000000023150000,0x0000000023250000)]
  0x000000001b371000 JavaThread "Cache worker for file content cache (C:\Users\calic\.gradle\caches\5.4.1\fileContent)" [_thread_blocked, id=64164, stack(0x0000000022dd0000,0x0000000022ed0000)]
  0x000000001b375000 JavaThread "Memory manager" [_thread_blocked, id=15708, stack(0x0000000022cd0000,0x0000000022dd0000)]
  0x000000001b376800 JavaThread "Cache worker for Build Output Cleanup Cache (E:\touch_Me_BLE\.gradle\buildOutputCleanup)" [_thread_blocked, id=62880, stack(0x0000000021200000,0x0000000021300000)]
  0x000000001b373800 JavaThread "pool-1-thread-1" [_thread_blocked, id=58324, stack(0x0000000020d00000,0x0000000020e00000)]
  0x0000000017e46000 JavaThread "Build operations Thread 8" [_thread_blocked, id=61096, stack(0x0000000020a00000,0x0000000020b00000)]
  0x0000000017e45800 JavaThread "Build operations Thread 7" [_thread_blocked, id=62168, stack(0x0000000020900000,0x0000000020a00000)]
  0x0000000017e44800 JavaThread "Build operations Thread 6" [_thread_blocked, id=46104, stack(0x0000000020800000,0x0000000020900000)]
  0x0000000017e43000 JavaThread "Build operations Thread 5" [_thread_blocked, id=64468, stack(0x0000000020700000,0x0000000020800000)]
  0x0000000017e41800 JavaThread "Build operations Thread 4" [_thread_blocked, id=37992, stack(0x0000000020600000,0x0000000020700000)]
  0x0000000017e44000 JavaThread "Build operations Thread 3" [_thread_blocked, id=49872, stack(0x0000000020500000,0x0000000020600000)]
  0x0000000017e48800 JavaThread "Build operations Thread 2" [_thread_blocked, id=61840, stack(0x0000000020400000,0x0000000020500000)]
  0x0000000017e47800 JavaThread "Build operations" [_thread_blocked, id=62324, stack(0x0000000020160000,0x0000000020260000)]
  0x0000000017e3a000 JavaThread "Cache worker for execution history cache (C:\Users\calic\.gradle\caches\5.4.1\executionHistory)" [_thread_blocked, id=58852, stack(0x000000001fb20000,0x000000001fc20000)]
  0x0000000017e3e000 JavaThread "Cache worker for cache directory md-rule (C:\Users\calic\.gradle\caches\5.4.1\md-rule)" [_thread_blocked, id=57400, stack(0x000000001fa20000,0x000000001fb20000)]
  0x0000000017e40000 JavaThread "Cache worker for cache directory md-supplier (C:\Users\calic\.gradle\caches\5.4.1\md-supplier)" [_thread_blocked, id=58976, stack(0x000000001efc0000,0x000000001f0c0000)]
  0x0000000017e41000 JavaThread "Cache worker for file hash cache (E:\touch_Me_BLE\.gradle\5.4.1\fileHashes)" [_thread_blocked, id=38668, stack(0x000000001eec0000,0x000000001efc0000)]
  0x0000000017e39000 JavaThread "Thread-17" [_thread_blocked, id=59704, stack(0x000000001edc0000,0x000000001eec0000)]
  0x000000001680d000 JavaThread "Stdin handler" [_thread_blocked, id=42280, stack(0x000000001dc40000,0x000000001dd40000)]
  0x0000000016808800 JavaThread "Asynchronous log dispatcher for DefaultDaemonConnection: socket connection from /127.0.0.1:54303 to /127.0.0.1:54365" [_thread_blocked, id=62476, stack(0x000000001db40000,0x000000001dc40000)]
  0x000000001680b000 JavaThread "Cancel handler" [_thread_blocked, id=13452, stack(0x000000001da40000,0x000000001db40000)]
  0x000000001680f800 JavaThread "Handler for socket connection from /127.0.0.1:54303 to /127.0.0.1:54365" [_thread_in_native, id=60752, stack(0x000000001d940000,0x000000001da40000)]
  0x000000001680a000 JavaThread "Cache worker for journal cache (C:\Users\calic\.gradle\caches\journal-1)" [_thread_blocked, id=62584, stack(0x000000001a1e0000,0x000000001a2e0000)]
  0x000000001680c800 JavaThread "File lock request listener" [_thread_in_native, id=66760, stack(0x000000001a0e0000,0x000000001a1e0000)]
  0x000000001680b800 JavaThread "Cache worker for file hash cache (C:\Users\calic\.gradle\caches\5.4.1\fileHashes)" [_thread_blocked, id=40196, stack(0x0000000019de0000,0x0000000019ee0000)]
  0x0000000017b96800 JavaThread "Daemon worker" [_thread_blocked, id=65204, stack(0x00000000198e0000,0x00000000199e0000)]
  0x00000000168cc000 JavaThread "Daemon" [_thread_blocked, id=53392, stack(0x00000000193e0000,0x00000000194e0000)]
  0x0000000018a99000 JavaThread "Daemon periodic checks" [_thread_blocked, id=58832, stack(0x00000000192e0000,0x00000000193e0000)]
  0x0000000018a96800 JavaThread "Incoming local TCP Connector on port 54303" [_thread_in_native, id=65312, stack(0x0000000019100000,0x0000000019200000)]
  0x000000001871e800 JavaThread "Daemon health stats" [_thread_blocked, id=54736, stack(0x0000000018de0000,0x0000000018ee0000)]
  0x0000000016891000 JavaThread "Service Thread" daemon [_thread_blocked, id=32740, stack(0x0000000017410000,0x0000000017510000)]
  0x000000001680e800 JavaThread "C1 CompilerThread3" daemon [_thread_blocked, id=68552, stack(0x0000000017310000,0x0000000017410000)]
  0x000000001680e000 JavaThread "C2 CompilerThread2" daemon [_thread_blocked, id=68548, stack(0x0000000017210000,0x0000000017310000)]
=>0x0000000016804800 JavaThread "C2 CompilerThread1" daemon [_thread_in_native, id=68556, stack(0x0000000017110000,0x0000000017210000)]
  0x00000000167fc800 JavaThread "C2 CompilerThread0" daemon [_thread_blocked, id=63656, stack(0x0000000017010000,0x0000000017110000)]
  0x00000000167fb000 JavaThread "Attach Listener" daemon [_thread_blocked, id=7844, stack(0x0000000016f10000,0x0000000017010000)]
  0x00000000167a9000 JavaThread "Signal Dispatcher" daemon [_thread_blocked, id=61216, stack(0x0000000016e10000,0x0000000016f10000)]
  0x00000000031ac800 JavaThread "Finalizer" daemon [_thread_blocked, id=61236, stack(0x0000000016c70000,0x0000000016d70000)]
  0x0000000016790800 JavaThread "Reference Handler" daemon [_thread_blocked, id=65868, stack(0x0000000016b70000,0x0000000016c70000)]
  0x0000000002fae000 JavaThread "main" [_thread_blocked, id=66192, stack(0x0000000002fb0000,0x00000000030b0000)]

Other Threads:
  0x0000000014966800 VMThread [stack: 0x0000000016670000,0x0000000016770000] [id=64536]
  0x0000000016891800 WatcherThread [stack: 0x0000000017510000,0x0000000017610000] [id=56764]

VM state:not at safepoint (normal execution)

VM Mutex/Monitor currently owned by a thread: None

OutOfMemory and StackOverflow Exception counts:
OutOfMemoryError java_heap_errors=4

heap address: 0x00000000e0000000, size: 512 MB, Compressed Oops mode: 32-bit
Narrow klass base: 0x0000000000000000, Narrow klass shift: 3
Compressed class space size: 1073741824 Address: 0x0000000100000000

Heap:
 PSYoungGen      total 92160K, used 47558K [0x00000000f5580000, 0x00000000fbf80000, 0x0000000100000000)
  eden space 79872K, 59% used [0x00000000f5580000,0x00000000f83f1808,0x00000000fa380000)
  from space 12288K, 0% used [0x00000000fb000000,0x00000000fb000000,0x00000000fbc00000)
  to   space 12800K, 0% used [0x00000000fa380000,0x00000000fa380000,0x00000000fb000000)
 ParOldGen       total 175104K, used 31811K [0x00000000e0000000, 0x00000000eab00000, 0x00000000f5580000)
  object space 175104K, 18% used [0x00000000e0000000,0x00000000e1f10fe0,0x00000000eab00000)
 Metaspace       used 61173K, capacity 63060K, committed 63104K, reserved 1103872K
  class space    used 8383K, capacity 8816K, committed 8832K, reserved 1048576K

Card table byte_map: [0x0000000012570000,0x0000000012680000] byte_map_base: 0x0000000011e70000

Marking Bits: (ParMarkBitMap*) 0x000000005afa9f30
 Begin Bits: [0x0000000012e80000, 0x0000000013680000)
 End Bits:   [0x0000000013680000, 0x0000000013e80000)

Polling page: 0x0000000000e60000

CodeCache: size=245760Kb used=16858Kb max_used=17554Kb free=228901Kb
 bounds [0x00000000031b0000, 0x0000000004310000, 0x00000000121b0000]
 total_blobs=6149 nmethods=5349 adapters=712
 compilation: enabled

Compilation events (10 events):
Event: 35.013 Thread 0x000000001680e800 nmethod 6144 0x00000000037c8f90 code [0x00000000037c91e0, 0x00000000037ca098]
Event: 35.013 Thread 0x000000001680e800 6146       1       org.gradle.api.internal.tasks.properties.AbstractFilePropertySpec::getPropertyFiles (5 bytes)
Event: 35.013 Thread 0x000000001680e800 nmethod 6146 0x000000000397f750 code [0x000000000397f8a0, 0x000000000397f9b0]
Event: 35.013 Thread 0x000000001680e800 6147       3       com.google.common.base.CharMatcher$InRange::matches (22 bytes)
Event: 35.013 Thread 0x000000001680e800 nmethod 6147 0x00000000037c8bd0 code [0x00000000037c8d20, 0x00000000037c8f10]
Event: 35.013 Thread 0x000000001680e800 6148       1       com.google.common.cache.LocalCache$StrongEntry::getKey (5 bytes)
Event: 35.013 Thread 0x000000001680e800 nmethod 6148 0x000000000397f410 code [0x000000000397f560, 0x000000000397f670]
Event: 35.013 Thread 0x000000001680e800 6149       3       java.lang.invoke.LambdaForm$MH/281859889::linkToTargetMethod (11 bytes)
Event: 35.013 Thread 0x000000001680e800 nmethod 6149 0x0000000003ca30d0 code [0x0000000003ca3240, 0x0000000003ca3738]
Event: 35.013 Thread 0x000000001680e800 6150       3       java.lang.invoke.LambdaForm$DMH/2109957412::invokeStatic_L3_L (18 bytes)

GC Heap History (10 events):
Event: 32.101 GC heap before
{Heap before GC invocations=9 (full 2):
 PSYoungGen      total 72704K, used 62464K [0x00000000f5580000, 0x00000000faa80000, 0x0000000100000000)
  eden space 62464K, 100% used [0x00000000f5580000,0x00000000f9280000,0x00000000f9280000)
  from space 10240K, 0% used [0x00000000fa080000,0x00000000fa080000,0x00000000faa80000)
  to   space 12288K, 0% used [0x00000000f9280000,0x00000000f9280000,0x00000000f9e80000)
 ParOldGen       total 175104K, used 16493K [0x00000000e0000000, 0x00000000eab00000, 0x00000000f5580000)
  object space 175104K, 9% used [0x00000000e0000000,0x00000000e101b408,0x00000000eab00000)
 Metaspace       used 41798K, capacity 42748K, committed 42880K, reserved 1085440K
  class space    used 5638K, capacity 5916K, committed 6016K, reserved 1048576K
Event: 32.105 GC heap after
Heap after GC invocations=9 (full 2):
 PSYoungGen      total 74752K, used 8309K [0x00000000f5580000, 0x00000000fbc00000, 0x0000000100000000)
  eden space 62464K, 0% used [0x00000000f5580000,0x00000000f5580000,0x00000000f9280000)
  from space 12288K, 67% used [0x00000000f9280000,0x00000000f9a9d730,0x00000000f9e80000)
  to   space 12288K, 0% used [0x00000000fb000000,0x00000000fb000000,0x00000000fbc00000)
 ParOldGen       total 175104K, used 16501K [0x00000000e0000000, 0x00000000eab00000, 0x00000000f5580000)
  object space 175104K, 9% used [0x00000000e0000000,0x00000000e101d408,0x00000000eab00000)
 Metaspace       used 41798K, capacity 42748K, committed 42880K, reserved 1085440K
  class space    used 5638K, capacity 5916K, committed 6016K, reserved 1048576K
}
Event: 32.699 GC heap before
{Heap before GC invocations=10 (full 2):
 PSYoungGen      total 74752K, used 70773K [0x00000000f5580000, 0x00000000fbc00000, 0x0000000100000000)
  eden space 62464K, 100% used [0x00000000f5580000,0x00000000f9280000,0x00000000f9280000)
  from space 12288K, 67% used [0x00000000f9280000,0x00000000f9a9d730,0x00000000f9e80000)
  to   space 12288K, 0% used [0x00000000fb000000,0x00000000fb000000,0x00000000fbc00000)
 ParOldGen       total 175104K, used 16501K [0x00000000e0000000, 0x00000000eab00000, 0x00000000f5580000)
  object space 175104K, 9% used [0x00000000e0000000,0x00000000e101d408,0x00000000eab00000)
 Metaspace       used 46220K, capacity 47284K, committed 47488K, reserved 1089536K
  class space    used 6216K, capacity 6516K, committed 6528K, reserved 1048576K
Event: 32.706 GC heap after
Heap after GC invocations=10 (full 2):
 PSYoungGen      total 92160K, used 11092K [0x00000000f5580000, 0x00000000fbf80000, 0x0000000100000000)
  eden space 79872K, 0% used [0x00000000f5580000,0x00000000f5580000,0x00000000fa380000)
  from space 12288K, 90% used [0x00000000fb000000,0x00000000fbad5318,0x00000000fbc00000)
  to   space 12800K, 0% used [0x00000000fa380000,0x00000000fa380000,0x00000000fb000000)
 ParOldGen       total 175104K, used 16509K [0x00000000e0000000, 0x00000000eab00000, 0x00000000f5580000)
  object space 175104K, 9% used [0x00000000e0000000,0x00000000e101f408,0x00000000eab00000)
 Metaspace       used 46220K, capacity 47284K, committed 47488K, reserved 1089536K
  class space    used 6216K, capacity 6516K, committed 6528K, reserved 1048576K
}
Event: 33.467 GC heap before
{Heap before GC invocations=11 (full 2):
 PSYoungGen      total 92160K, used 90964K [0x00000000f5580000, 0x00000000fbf80000, 0x0000000100000000)
  eden space 79872K, 100% used [0x00000000f5580000,0x00000000fa380000,0x00000000fa380000)
  from space 12288K, 90% used [0x00000000fb000000,0x00000000fbad5318,0x00000000fbc00000)
  to   space 12800K, 0% used [0x00000000fa380000,0x00000000fa380000,0x00000000fb000000)
 ParOldGen       total 175104K, used 16509K [0x00000000e0000000, 0x00000000eab00000, 0x00000000f5580000)
  object space 175104K, 9% used [0x00000000e0000000,0x00000000e101f408,0x00000000eab00000)
 Metaspace       used 52514K, capacity 54020K, committed 54144K, reserved 1095680K
  class space    used 7103K, capacity 7488K, committed 7552K, reserved 1048576K
Event: 33.478 GC heap after
Heap after GC invocations=11 (full 2):
 PSYoungGen      total 92672K, used 12796K [0x00000000f5580000, 0x00000000fbf80000, 0x0000000100000000)
  eden space 79872K, 0% used [0x00000000f5580000,0x00000000f5580000,0x00000000fa380000)
  from space 12800K, 99% used [0x00000000fa380000,0x00000000fafff0b8,0x00000000fb000000)
  to   space 12288K, 0% used [0x00000000fb000000,0x00000000fb000000,0x00000000fbc00000)
 ParOldGen       total 175104K, used 20647K [0x00000000e0000000, 0x00000000eab00000, 0x00000000f5580000)
  object space 175104K, 11% used [0x00000000e0000000,0x00000000e1429c30,0x00000000eab00000)
 Metaspace       used 52514K, capacity 54020K, committed 54144K, reserved 1095680K
  class space    used 7103K, capacity 7488K, committed 7552K, reserved 1048576K
}
Event: 34.032 GC heap before
{Heap before GC invocations=12 (full 2):
 PSYoungGen      total 92672K, used 75148K [0x00000000f5580000, 0x00000000fbf80000, 0x0000000100000000)
  eden space 79872K, 78% used [0x00000000f5580000,0x00000000f9263f90,0x00000000fa380000)
  from space 12800K, 99% used [0x00000000fa380000,0x00000000fafff0b8,0x00000000fb000000)
  to   space 12288K, 0% used [0x00000000fb000000,0x00000000fb000000,0x00000000fbc00000)
 ParOldGen       total 175104K, used 20647K [0x00000000e0000000, 0x00000000eab00000, 0x00000000f5580000)
  object space 175104K, 11% used [0x00000000e0000000,0x00000000e1429c30,0x00000000eab00000)
 Metaspace       used 57380K, capacity 58966K, committed 59096K, reserved 1099776K
  class space    used 7808K, capacity 8239K, committed 8320K, reserved 1048576K
Event: 34.057 GC heap after
Heap after GC invocations=12 (full 2):
 PSYoungGen      total 92160K, used 12277K [0x00000000f5580000, 0x00000000fbf80000, 0x0000000100000000)
  eden space 79872K, 0% used [0x00000000f5580000,0x00000000f5580000,0x00000000fa380000)
  from space 12288K, 99% used [0x00000000fb000000,0x00000000fbbfd7c8,0x00000000fbc00000)
  to   space 12800K, 0% used [0x00000000fa380000,0x00000000fa380000,0x00000000fb000000)
 ParOldGen       total 175104K, used 25971K [0x00000000e0000000, 0x00000000eab00000, 0x00000000f5580000)
  object space 175104K, 14% used [0x00000000e0000000,0x00000000e195cec8,0x00000000eab00000)
 Metaspace       used 57380K, capacity 58966K, committed 59096K, reserved 1099776K
  class space    used 7808K, capacity 8239K, committed 8320K, reserved 1048576K
}
Event: 34.057 GC heap before
{Heap before GC invocations=13 (full 3):
 PSYoungGen      total 92160K, used 12277K [0x00000000f5580000, 0x00000000fbf80000, 0x0000000100000000)
  eden space 79872K, 0% used [0x00000000f5580000,0x00000000f5580000,0x00000000fa380000)
  from space 12288K, 99% used [0x00000000fb000000,0x00000000fbbfd7c8,0x00000000fbc00000)
  to   space 12800K, 0% used [0x00000000fa380000,0x00000000fa380000,0x00000000fb000000)
 ParOldGen       total 175104K, used 25971K [0x00000000e0000000, 0x00000000eab00000, 0x00000000f5580000)
  object space 175104K, 14% used [0x00000000e0000000,0x00000000e195cec8,0x00000000eab00000)
 Metaspace       used 57380K, capacity 58966K, committed 59096K, reserved 1099776K
  class space    used 7808K, capacity 8239K, committed 8320K, reserved 1048576K
Event: 34.265 GC heap after
Heap after GC invocations=13 (full 3):
 PSYoungGen      total 92160K, used 0K [0x00000000f5580000, 0x00000000fbf80000, 0x0000000100000000)
  eden space 79872K, 0% used [0x00000000f5580000,0x00000000f5580000,0x00000000fa380000)
  from space 12288K, 0% used [0x00000000fb000000,0x00000000fb000000,0x00000000fbc00000)
  to   space 12800K, 0% used [0x00000000fa380000,0x00000000fa380000,0x00000000fb000000)
 ParOldGen       total 175104K, used 31811K [0x00000000e0000000, 0x00000000eab00000, 0x00000000f5580000)
  object space 175104K, 18% used [0x00000000e0000000,0x00000000e1f10fe0,0x00000000eab00000)
 Metaspace       used 57380K, capacity 58966K, committed 59096K, reserved 1099776K
  class space    used 7808K, capacity 8239K, committed 8320K, reserved 1048576K
}

Deoptimization events (10 events):
Event: 34.885 Thread 0x000000001b37a000 Uncommon trap: reason=class_check action=maybe_recompile pc=0x00000000033c0ae4 method=java.io.ObjectOutputStream$BlockDataOutputStream.drain()V @ 36
Event: 34.885 Thread 0x000000001b37a000 Uncommon trap: reason=class_check action=maybe_recompile pc=0x000000000379ecbc method=java.io.ObjectOutputStream$BlockDataOutputStream.drain()V @ 36
Event: 34.886 Thread 0x000000001b37a000 Uncommon trap: reason=class_check action=maybe_recompile pc=0x000000000379ecbc method=java.io.ObjectOutputStream$BlockDataOutputStream.drain()V @ 36
Event: 34.886 Thread 0x000000001b37a000 Uncommon trap: reason=class_check action=maybe_recompile pc=0x000000000379ecbc method=java.io.ObjectOutputStream$BlockDataOutputStream.drain()V @ 36
Event: 34.887 Thread 0x000000001b37a000 Uncommon trap: reason=class_check action=maybe_recompile pc=0x00000000033c0ae4 method=java.io.ObjectOutputStream$BlockDataOutputStream.drain()V @ 36
Event: 34.894 Thread 0x000000001b37a000 Uncommon trap: reason=unstable_if action=reinterpret pc=0x0000000003ebbc9c method=java.util.TreeMap.put(Ljava/lang/Object;Ljava/lang/Object;)Ljava/lang/Object; @ 163
Event: 34.906 Thread 0x000000001b379800 Uncommon trap: reason=unstable_if action=reinterpret pc=0x0000000003cc26a8 method=com.esotericsoftware.kryo.io.Input.readVarInt(Z)I @ 42
Event: 34.971 Thread 0x000000001b379800 Uncommon trap: reason=unstable_if action=reinterpret pc=0x0000000003bb7f58 method=com.esotericsoftware.kryo.io.Output.writeString(Ljava/lang/CharSequence;)V @ 50
Event: 35.007 Thread 0x000000001b37e000 Uncommon trap: reason=class_check action=maybe_recompile pc=0x0000000003dbc900 method=java.lang.Throwable.<init>(Ljava/lang/String;Ljava/lang/Throwable;)V @ 24
Event: 35.008 Thread 0x000000001b37e000 Uncommon trap: reason=class_check action=maybe_recompile pc=0x0000000003dbc900 method=java.lang.Throwable.<init>(Ljava/lang/String;Ljava/lang/Throwable;)V @ 24

Classes redefined (0 events):
No events

Internal exceptions (10 events):
Event: 34.459 Thread 0x0000000017e39000 Exception <a 'java/lang/NoSuchMethodError': <clinit>> (0x00000000f65abe58) thrown at [D:\src\AOSP-openjdk-cygwin\jdk8u\hotspot\src\share\vm\prims\jni.cpp, line 1614]
Event: 34.538 Thread 0x0000000017e39000 Exception <a 'java/lang/NoSuchMethodError': <clinit>> (0x00000000f66ef9e8) thrown at [D:\src\AOSP-openjdk-cygwin\jdk8u\hotspot\src\share\vm\prims\jni.cpp, line 1614]
Event: 34.855 Thread 0x000000001b37a000 Implicit null exception at 0x0000000003b14fef to 0x0000000003b1508d
Event: 34.886 Thread 0x000000001b37a000 Exception <a 'java/lang/NoSuchMethodError': <clinit>> (0x00000000f78cb738) thrown at [D:\src\AOSP-openjdk-cygwin\jdk8u\hotspot\src\share\vm\prims\jni.cpp, line 1614]
Event: 34.886 Thread 0x000000001b37a000 Exception <a 'java/lang/NoSuchMethodError': <clinit>> (0x00000000f78db650) thrown at [D:\src\AOSP-openjdk-cygwin\jdk8u\hotspot\src\share\vm\prims\jni.cpp, line 1614]
Event: 34.887 Thread 0x000000001b37a000 Exception <a 'java/lang/NoSuchMethodError': <clinit>> (0x00000000f78f5a18) thrown at [D:\src\AOSP-openjdk-cygwin\jdk8u\hotspot\src\share\vm\prims\jni.cpp, line 1614]
Event: 34.887 Thread 0x000000001b37a000 Exception <a 'java/lang/NoSuchMethodError': <clinit>> (0x00000000f78fa900) thrown at [D:\src\AOSP-openjdk-cygwin\jdk8u\hotspot\src\share\vm\prims\jni.cpp, line 1614]
Event: 34.887 Thread 0x000000001b37a000 Exception <a 'java/lang/NoSuchMethodError': <clinit>> (0x00000000f790b118) thrown at [D:\src\AOSP-openjdk-cygwin\jdk8u\hotspot\src\share\vm\prims\jni.cpp, line 1614]
Event: 34.909 Thread 0x000000001b37f800 Exception <a 'java/lang/NoSuchMethodError': <clinit>> (0x00000000f626ba60) thrown at [D:\src\AOSP-openjdk-cygwin\jdk8u\hotspot\src\share\vm\prims\jni.cpp, line 1614]
Event: 35.008 Thread 0x000000001b37e000 Exception <a 'java/io/IOException'> (0x00000000f83b34c8) thrown at [D:\src\AOSP-openjdk-cygwin\jdk8u\hotspot\src\share\vm\prims\jni.cpp, line 710]

Events (10 events):
Event: 35.007 loading class com/android/builder/internal/aapt/v2/Aapt2DaemonImpl$AllowShutdown done
Event: 35.007 Executing VM operation: RevokeBias
Event: 35.007 Executing VM operation: RevokeBias done
Event: 35.007 Executing VM operation: RevokeBias
Event: 35.008 Executing VM operation: RevokeBias done
Event: 35.008 Thread 0x000000001e558000 Thread exited: 0x000000001e558000
Event: 35.008 Thread 0x000000001e556000 Thread exited: 0x000000001e556000
Event: 35.008 Thread 0x000000001b37e000 Uncommon trap: trap_request=0xffffffde fr.pc=0x0000000003dbc900
Event: 35.008 Thread 0x000000001b37e000 DEOPT PACKING pc=0x0000000003dbc900 sp=0x000000002424dfb0
Event: 35.008 Thread 0x000000001b37e000 DEOPT UNPACKING pc=0x00000000031f557b sp=0x000000002424df80 mode 2


Dynamic libraries:
0x00007ff792e50000 - 0x00007ff792e81000 	C:\Program Files\Android\Android Studio\jre\bin\java.exe
0x00007ffa343f0000 - 0x00007ffa345dd000 	C:\WINDOWS\SYSTEM32\ntdll.dll
0x00007ffa33fc0000 - 0x00007ffa34073000 	C:\WINDOWS\System32\KERNEL32.DLL
0x00007ffa30fc0000 - 0x00007ffa31253000 	C:\WINDOWS\System32\KERNELBASE.dll
0x00007ffa33820000 - 0x00007ffa338c3000 	C:\WINDOWS\System32\ADVAPI32.dll
0x00007ffa336a0000 - 0x00007ffa3373e000 	C:\WINDOWS\System32\msvcrt.dll
0x00007ffa32d70000 - 0x00007ffa32e0e000 	C:\WINDOWS\System32\sechost.dll
0x00007ffa32e20000 - 0x00007ffa32f42000 	C:\WINDOWS\System32\RPCRT4.dll
0x00007ffa32bc0000 - 0x00007ffa32d57000 	C:\WINDOWS\System32\USER32.dll
0x00007ffa30fa0000 - 0x00007ffa30fc0000 	C:\WINDOWS\System32\win32u.dll
0x00007ffa33c00000 - 0x00007ffa33c29000 	C:\WINDOWS\System32\GDI32.dll
0x00007ffa304b0000 - 0x00007ffa30649000 	C:\WINDOWS\System32\gdi32full.dll
0x00007ffa31540000 - 0x00007ffa315e0000 	C:\WINDOWS\System32\msvcp_win.dll
0x00007ffa30650000 - 0x00007ffa3074a000 	C:\WINDOWS\System32\ucrtbase.dll
0x00007ffa230e0000 - 0x00007ffa23359000 	C:\WINDOWS\WinSxS\amd64_microsoft.windows.common-controls_6595b64144ccf1df_6.0.17763.914_none_05b346b2072102f2\COMCTL32.dll
0x00007ffa338d0000 - 0x00007ffa33bfc000 	C:\WINDOWS\System32\combase.dll
0x00007ffa30750000 - 0x00007ffa307ce000 	C:\WINDOWS\System32\bcryptPrimitives.dll
0x00007ffa33de0000 - 0x00007ffa33e0e000 	C:\WINDOWS\System32\IMM32.DLL
0x000000005b2e0000 - 0x000000005b3b2000 	C:\Program Files\Android\Android Studio\jre\jre\bin\msvcr100.dll
0x000000005a7e0000 - 0x000000005b026000 	C:\Program Files\Android\Android Studio\jre\jre\bin\server\jvm.dll
0x00007ffa33740000 - 0x00007ffa33748000 	C:\WINDOWS\System32\PSAPI.DLL
0x00007ffa2b640000 - 0x00007ffa2b64a000 	C:\WINDOWS\SYSTEM32\VERSION.dll
0x00007ffa2c840000 - 0x00007ffa2c864000 	C:\WINDOWS\SYSTEM32\WINMM.dll
0x00007ffa2c810000 - 0x00007ffa2c83d000 	C:\WINDOWS\SYSTEM32\winmmbase.dll
0x00007ffa31260000 - 0x00007ffa312aa000 	C:\WINDOWS\System32\cfgmgr32.dll
0x00007ffa1e900000 - 0x00007ffa1e909000 	C:\WINDOWS\SYSTEM32\WSOCK32.dll
0x00007ffa34080000 - 0x00007ffa340ed000 	C:\WINDOWS\System32\WS2_32.dll
0x00007ffa28570000 - 0x00007ffa2857f000 	C:\Program Files\Android\Android Studio\jre\jre\bin\verify.dll
0x00007ffa257e0000 - 0x00007ffa25809000 	C:\Program Files\Android\Android Studio\jre\jre\bin\java.dll
0x00007ffa257c0000 - 0x00007ffa257d6000 	C:\Program Files\Android\Android Studio\jre\jre\bin\zip.dll
0x00007ffa316c0000 - 0x00007ffa32bb4000 	C:\WINDOWS\System32\SHELL32.dll
0x00007ffa31610000 - 0x00007ffa316b8000 	C:\WINDOWS\System32\shcore.dll
0x00007ffa307d0000 - 0x00007ffa30f1d000 	C:\WINDOWS\System32\windows.storage.dll
0x00007ffa30480000 - 0x00007ffa304a4000 	C:\WINDOWS\System32\profapi.dll
0x00007ffa30420000 - 0x00007ffa3047d000 	C:\WINDOWS\System32\powrprof.dll
0x00007ffa32f50000 - 0x00007ffa32fa2000 	C:\WINDOWS\System32\shlwapi.dll
0x00007ffa303e0000 - 0x00007ffa303f1000 	C:\WINDOWS\System32\kernel.appcore.dll
0x00007ffa30f20000 - 0x00007ffa30f37000 	C:\WINDOWS\System32\cryptsp.dll
0x00007ffa257a0000 - 0x00007ffa257ba000 	C:\Program Files\Android\Android Studio\jre\jre\bin\net.dll
0x00007ffa2fc50000 - 0x00007ffa2fcb7000 	C:\WINDOWS\system32\mswsock.dll
0x00007ffa25780000 - 0x00007ffa25791000 	C:\Program Files\Android\Android Studio\jre\jre\bin\nio.dll
0x00007ffa2d120000 - 0x00007ffa2d146000 	C:\Users\calic\.gradle\native\29\windows-amd64\native-platform.dll
0x00007ffa28560000 - 0x00007ffa2856d000 	C:\Program Files\Android\Android Studio\jre\jre\bin\management.dll
0x00007ffa2f7d0000 - 0x00007ffa2f803000 	C:\WINDOWS\system32\rsaenh.dll
0x00007ffa315e0000 - 0x00007ffa31606000 	C:\WINDOWS\System32\bcrypt.dll
0x00007ffa30310000 - 0x00007ffa30338000 	C:\WINDOWS\SYSTEM32\USERENV.dll
0x00007ffa2fe20000 - 0x00007ffa2fe2c000 	C:\WINDOWS\SYSTEM32\CRYPTBASE.dll
0x00007ffa2f970000 - 0x00007ffa2f9ad000 	C:\WINDOWS\SYSTEM32\IPHLPAPI.DLL
0x00007ffa32e10000 - 0x00007ffa32e18000 	C:\WINDOWS\System32\NSI.dll
0x00007ffa2b6d0000 - 0x00007ffa2b6e6000 	C:\WINDOWS\SYSTEM32\dhcpcsvc6.DLL
0x00007ffa2b1b0000 - 0x00007ffa2b1cc000 	C:\WINDOWS\SYSTEM32\dhcpcsvc.DLL
0x00007ffa2f9b0000 - 0x00007ffa2fa76000 	C:\WINDOWS\SYSTEM32\DNSAPI.dll

VM Arguments:
jvm_args: -XX:MaxMetaspaceSize=256m -XX:+HeapDumpOnOutOfMemoryError -Xms256m -Xmx512m -Dfile.encoding=x-windows-949 -Duser.country=KR -Duser.language=ko -Duser.variant 
java_command: org.gradle.launcher.daemon.bootstrap.GradleDaemon 5.4.1
java_class_path (initial): C:\Users\calic\.gradle\wrapper\dists\gradle-5.4.1-all\3221gyojl5jsh0helicew7rwx\gradle-5.4.1\lib\gradle-launcher-5.4.1.jar
Launcher Type: SUN_STANDARD

Environment Variables:
PATH=C:\Program Files (x86)\Common Files\Oracle\Java\javapath;C:\ProgramData\Oracle\Java\javapath;C:\WINDOWS\system32;C:\WINDOWS;C:\WINDOWS\System32\Wbem;C:\WINDOWS\System32\WindowsPowerShell\v1.0\;C:\Program Files\Intel\WiFi\bin\;C:\Program Files\Common Files\Intel\WirelessCommon\;C:\Program Files\Java\jdk-9.0.1\bin;C:\Program Files\Java\jdk-9.0.1\lib;C:\Users\calic\AppData\Local\Android\Sdk\platform-tools;C:\Program Files (x86)\GtkSharp\2.12\bin;C:\Program Files\Git\cmd;C:\Program Files (x86)\NVIDIA Corporation\PhysX\Common;C:\Program Files (x86)\STMicroelectronics\STM32 ST-LINK Utility\ST-LINK Utility;C:\WINDOWS\System32\OpenSSH\;"C:\oracle\ora92\bin;";C:\Program Files\Microsoft VS Code\bin;C:\Program Files\NVIDIA Corporation\NVIDIA NvDLISR;C:\WINDOWS\system32;C:\WINDOWS;C:\WINDOWS\System32\Wbem;C:\WINDOWS\System32\WindowsPowerShell\v1.0\;C:\WINDOWS\System32\OpenSSH\;C:\Program Files\PuTTY\;C:\Program Files (x86)\Common Files\Adobe\AGL;C:\Users\calic\AppData\Local\Programs\Python\Python36\Scripts\;C:\Users\calic\AppData\Local\Programs\Python\Python36\;C:\Users\calic\AppData\Local\Microsoft\WindowsApps;C:\Program Files\Intel\WiFi\bin\;C:\Program Files\Common Files\Intel\WirelessCommon\;C:\Program Files\Bandizip\;C:\oracle\ora92\bin;C:\Users\calic\AppData\Roaming\Microsoft\Windows\Start Menu\Programs\Python37;C:\Users\calic\AppData\Roaming\Microsoft\Windows\Start Menu\Programs\Python37\Scripts;
USERNAME=calic
OS=Windows_NT
PROCESSOR_IDENTIFIER=Intel64 Family 6 Model 158 Stepping 9, GenuineIntel



---------------  S Y S T E M  ---------------

OS: Windows 10.0 , 64 bit Build 17763 (10.0.17763.475)

CPU:total 8 (initial active 8) (4 cores per cpu, 2 threads per core) family 6 model 158 stepping 9, cmov, cx8, fxsr, mmx, sse, sse2, sse3, ssse3, sse4.1, sse4.2, popcnt, avx, avx2, aes, clmul, erms, rtm, 3dnowpref, lzcnt, ht, tsc, tscinvbit, bmi1, bmi2, adx

Memory: 4k page, physical 16740936k(3223008k free), swap 16740936k(8904k free)

vm_info: OpenJDK 64-Bit Server VM (25.202-b03) for windows-amd64 JRE (1.8.0_202-release-1483-b03), built by "builder" with MS VC++ 10.0 (VS2010)

time: Thu Jan 09 10:44:18 2020
timezone: 대한민국 표준시
elapsed time: 35 seconds (0d 0h 0m 35s)

